<?xml version="1.0" encoding="UTF-8" ?>
<testsuite failures="0" time="0.972" errors="1" skipped="0" tests="1" name="com.ipartek.formacion.perrera.util.HibernateUtilTest">
  <properties>
[...]
</properties>
  <testcase time="0.972" classname="com.ipartek.formacion.perrera.util.HibernateUtilTest" name="test">
    <error type="java.lang.ExceptionInInitializerError">java.lang.ExceptionInInitializerError
	at com.ipartek.formacion.perrera.util.HibernateUtil.&lt;clinit&gt;(HibernateUtil.java:40)
	at com.ipartek.formacion.perrera.util.HibernateUtilTest.test(HibernateUtilTest.java:11)
	at sun.reflect.NativeMethodAccessorImpl.invoke0(Native Method)
	at sun.reflect.NativeMethodAccessorImpl.invoke(NativeMethodAccessorImpl.java:57)
	at sun.reflect.DelegatingMethodAccessorImpl.invoke(DelegatingMethodAccessorImpl.java:43)
	at java.lang.reflect.Method.invoke(Method.java:606)
	at org.junit.runners.model.FrameworkMethod$1.runReflectiveCall(FrameworkMethod.java:50)
	at org.junit.internal.runners.model.ReflectiveCallable.run(ReflectiveCallable.java:12)
	at org.junit.runners.model.FrameworkMethod.invokeExplosively(FrameworkMethod.java:47)
	at org.junit.internal.runners.statements.InvokeMethod.evaluate(InvokeMethod.java:17)
	at org.junit.runners.ParentRunner.runLeaf(ParentRunner.java:325)
	at org.junit.runners.BlockJUnit4ClassRunner.runChild(BlockJUnit4ClassRunner.java:78)
	at org.junit.runners.BlockJUnit4ClassRunner.runChild(BlockJUnit4ClassRunner.java:57)
	at org.junit.runners.ParentRunner$3.run(ParentRunner.java:290)
	at org.junit.runners.ParentRunner$1.schedule(ParentRunner.java:71)
	at org.junit.runners.ParentRunner.runChildren(ParentRunner.java:288)
	at org.junit.runners.ParentRunner.access$000(ParentRunner.java:58)
	at org.junit.runners.ParentRunner$2.evaluate(ParentRunner.java:268)
	at org.junit.runners.ParentRunner.run(ParentRunner.java:363)
	at org.apache.maven.surefire.junit4.JUnit4Provider.execute(JUnit4Provider.java:252)
	at org.apache.maven.surefire.junit4.JUnit4Provider.executeTestSet(JUnit4Provider.java:141)
	at org.apache.maven.surefire.junit4.JUnit4Provider.invoke(JUnit4Provider.java:112)
	at sun.reflect.NativeMethodAccessorImpl.invoke0(Native Method)
	at sun.reflect.NativeMethodAccessorImpl.invoke(NativeMethodAccessorImpl.java:57)
	at sun.reflect.DelegatingMethodAccessorImpl.invoke(DelegatingMethodAccessorImpl.java:43)
	at java.lang.reflect.Method.invoke(Method.java:606)
	at org.apache.maven.surefire.util.ReflectionUtils.invokeMethodWithArray(ReflectionUtils.java:189)
	at org.apache.maven.surefire.booter.ProviderFactory$ProviderProxy.invoke(ProviderFactory.java:165)
	at org.apache.maven.surefire.booter.ProviderFactory.invokeProvider(ProviderFactory.java:85)
	at org.apache.maven.surefire.booter.ForkedBooter.runSuitesInProcess(ForkedBooter.java:115)
	at org.apache.maven.surefire.booter.ForkedBooter.main(ForkedBooter.java:75)
Caused by: org.hibernate.MappingException: Unable to load class declared as &lt;mapping class=&quot;com.ipartek.formacion.ejemplos.perrera.pojo.Perro&quot;/&gt; in the configuration:
	at org.hibernate.cfg.AnnotationConfiguration.parseMappingElement(AnnotationConfiguration.java:650)
	at org.hibernate.cfg.Configuration.parseSessionFactory(Configuration.java:1589)
	at org.hibernate.cfg.Configuration.doConfigure(Configuration.java:1568)
	at org.hibernate.cfg.AnnotationConfiguration.doConfigure(AnnotationConfiguration.java:1047)
	at org.hibernate.cfg.AnnotationConfiguration.doConfigure(AnnotationConfiguration.java:64)
	at org.hibernate.cfg.Configuration.doConfigure(Configuration.java:1542)
	at org.hibernate.cfg.AnnotationConfiguration.doConfigure(AnnotationConfiguration.java:1035)
	at org.hibernate.cfg.AnnotationConfiguration.doConfigure(AnnotationConfiguration.java:64)
	at org.hibernate.cfg.Configuration.configure(Configuration.java:1462)
	at org.hibernate.cfg.AnnotationConfiguration.configure(AnnotationConfiguration.java:1017)
	at org.hibernate.cfg.AnnotationConfiguration.configure(AnnotationConfiguration.java:64)
	at org.hibernate.cfg.Configuration.configure(Configuration.java:1448)
	at org.hibernate.cfg.AnnotationConfiguration.configure(AnnotationConfiguration.java:1011)
	at com.ipartek.formacion.perrera.util.HibernateUtil.&lt;clinit&gt;(HibernateUtil.java:31)
	... 30 more
Caused by: java.lang.ClassNotFoundException: com.ipartek.formacion.ejemplos.perrera.pojo.Perro
	at java.net.URLClassLoader$1.run(URLClassLoader.java:366)
	at java.net.URLClassLoader$1.run(URLClassLoader.java:355)
	at java.security.AccessController.doPrivileged(Native Method)
	at java.net.URLClassLoader.findClass(URLClassLoader.java:354)
	at java.lang.ClassLoader.loadClass(ClassLoader.java:425)
	at sun.misc.Launcher$AppClassLoader.loadClass(Launcher.java:308)
	at java.lang.ClassLoader.loadClass(ClassLoader.java:358)
	at java.lang.Class.forName0(Native Method)
	at java.lang.Class.forName(Class.java:191)
	at org.hibernate.util.ReflectHelper.classForName(ReflectHelper.java:123)
	at org.hibernate.cfg.AnnotationConfiguration.parseMappingElement(AnnotationConfiguration.java:647)
	... 43 more
</error>
    <system-err>log4j:WARN No appenders could be found for logger (org.hibernate.cfg.annotations.Version).
log4j:WARN Please initialize the log4j system properly.
</system-err>
  </testcase>
</testsuite>